<?xml version="1.0" encoding="UTF-8"?>
<testng-results ignored="0" total="5" passed="5" failed="0" skipped="0">
  <reporter-output>
  </reporter-output>
  <suite started-at="2024-06-18T18:37:02 IST" name="Default suite" finished-at="2024-06-18T18:38:46 IST" duration-ms="104397">
    <groups>
    </groups>
    <test started-at="2024-06-18T18:37:02 IST" name="Default test" finished-at="2024-06-18T18:38:46 IST" duration-ms="104397">
      <class name="testcase.CreateAccountTest">
        <test-method is-config="true" signature="setup()[pri:0, instance:testcase.CreateAccountTest@77847718]" started-at="2024-06-18T18:37:02 IST" name="setup" finished-at="2024-06-18T18:37:32 IST" duration-ms="29993" status="PASS">
          <reporter-output>
          </reporter-output>
        </test-method> <!-- setup -->
        <test-method signature="createAccount(java.lang.String,java.lang.String,java.lang.String,java.lang.String,java.lang.String,java.lang.String,java.lang.String,java.lang.String,java.lang.String,java.lang.String,java.lang.String,java.lang.String)[pri:0, instance:testcase.CreateAccountTest@77847718]" started-at="2024-06-18T18:37:35 IST" name="createAccount" data-provider="accountData" finished-at="2024-06-18T18:37:50 IST" duration-ms="15434" status="PASS">
          <params>
            <param index="0">
              <value>
                <![CDATA[TESTUSER]]>
              </value>
            </param>
            <param index="1">
              <value>
                <![CDATA[sravya@example.com]]>
              </value>
            </param>
            <param index="2">
              <value>
                <![CDATA[Password123]]>
              </value>
            </param>
            <param index="3">
              <value>
                <![CDATA[Password123]]>
              </value>
            </param>
            <param index="4">
              <value>
                <![CDATA[Test]]>
              </value>
            </param>
            <param index="5">
              <value>
                <![CDATA[User1]]>
              </value>
            </param>
            <param index="6">
              <value>
                <![CDATA[1234567890]]>
              </value>
            </param>
            <param index="7">
              <value>
                <![CDATA[India]]>
              </value>
            </param>
            <param index="8">
              <value>
                <![CDATA[Kochi]]>
              </value>
            </param>
            <param index="9">
              <value>
                <![CDATA[123 Main st]]>
              </value>
            </param>
            <param index="10">
              <value>
                <![CDATA[kerala]]>
              </value>
            </param>
            <param index="11">
              <value>
                <![CDATA[40001]]>
              </value>
            </param>
          </params>
          <reporter-output>
          </reporter-output>
        </test-method> <!-- createAccount -->
        <test-method signature="createAccount(java.lang.String,java.lang.String,java.lang.String,java.lang.String,java.lang.String,java.lang.String,java.lang.String,java.lang.String,java.lang.String,java.lang.String,java.lang.String,java.lang.String)[pri:0, instance:testcase.CreateAccountTest@77847718]" started-at="2024-06-18T18:37:50 IST" name="createAccount" data-provider="accountData" finished-at="2024-06-18T18:38:02 IST" duration-ms="12091" status="PASS">
          <params>
            <param index="0">
              <value>
                <![CDATA[weekpassword]]>
              </value>
            </param>
            <param index="1">
              <value>
                <![CDATA[testuser3@example.com]]>
              </value>
            </param>
            <param index="2">
              <value>
                <![CDATA[weakpassword]]>
              </value>
            </param>
            <param index="3">
              <value>
                <![CDATA[weakpassword]]>
              </value>
            </param>
            <param index="4">
              <value>
                <![CDATA[Test]]>
              </value>
            </param>
            <param index="5">
              <value>
                <![CDATA[User3]]>
              </value>
            </param>
            <param index="6">
              <value>
                <![CDATA[1234509876]]>
              </value>
            </param>
            <param index="7">
              <value>
                <![CDATA[India]]>
              </value>
            </param>
            <param index="8">
              <value>
                <![CDATA[789 st]]>
              </value>
            </param>
            <param index="9">
              <value>
                <![CDATA[Mumbai]]>
              </value>
            </param>
            <param index="10">
              <value>
                <![CDATA[Maharastra]]>
              </value>
            </param>
            <param index="11">
              <value>
                <![CDATA[40002]]>
              </value>
            </param>
          </params>
          <reporter-output>
          </reporter-output>
        </test-method> <!-- createAccount -->
        <test-method signature="createAccount(java.lang.String,java.lang.String,java.lang.String,java.lang.String,java.lang.String,java.lang.String,java.lang.String,java.lang.String,java.lang.String,java.lang.String,java.lang.String,java.lang.String)[pri:0, instance:testcase.CreateAccountTest@77847718]" started-at="2024-06-18T18:38:02 IST" name="createAccount" data-provider="accountData" finished-at="2024-06-18T18:38:15 IST" duration-ms="13057" status="PASS">
          <params>
            <param index="0">
              <value>
                <![CDATA[mismatch]]>
              </value>
            </param>
            <param index="1">
              <value>
                <![CDATA[testuser4@example.com]]>
              </value>
            </param>
            <param index="2">
              <value>
                <![CDATA[Passwordmismatch]]>
              </value>
            </param>
            <param index="3">
              <value>
                <![CDATA[passwordmismatch]]>
              </value>
            </param>
            <param index="4">
              <value>
                <![CDATA[Test]]>
              </value>
            </param>
            <param index="5">
              <value>
                <![CDATA[User4]]>
              </value>
            </param>
            <param index="6">
              <value>
                <![CDATA[1234987650]]>
              </value>
            </param>
            <param index="7">
              <value>
                <![CDATA[India]]>
              </value>
            </param>
            <param index="8">
              <value>
                <![CDATA[101 St]]>
              </value>
            </param>
            <param index="9">
              <value>
                <![CDATA[Banglore]]>
              </value>
            </param>
            <param index="10">
              <value>
                <![CDATA[Karnataka ]]>
              </value>
            </param>
            <param index="11">
              <value>
                <![CDATA[530068]]>
              </value>
            </param>
          </params>
          <reporter-output>
          </reporter-output>
        </test-method> <!-- createAccount -->
        <test-method signature="createAccount(java.lang.String,java.lang.String,java.lang.String,java.lang.String,java.lang.String,java.lang.String,java.lang.String,java.lang.String,java.lang.String,java.lang.String,java.lang.String,java.lang.String)[pri:0, instance:testcase.CreateAccountTest@77847718]" started-at="2024-06-18T18:38:15 IST" name="createAccount" data-provider="accountData" finished-at="2024-06-18T18:38:27 IST" duration-ms="11673" status="PASS">
          <params>
            <param index="0">
              <value>
                <![CDATA[invalidmail]]>
              </value>
            </param>
            <param index="1">
              <value>
                <![CDATA[invalidemail]]>
              </value>
            </param>
            <param index="2">
              <value>
                <![CDATA[Password123]]>
              </value>
            </param>
            <param index="3">
              <value>
                <![CDATA[Password123]]>
              </value>
            </param>
            <param index="4">
              <value>
                <![CDATA[Test]]>
              </value>
            </param>
            <param index="5">
              <value>
                <![CDATA[User5]]>
              </value>
            </param>
            <param index="6">
              <value>
                <![CDATA[9876543210]]>
              </value>
            </param>
            <param index="7">
              <value>
                <![CDATA[India]]>
              </value>
            </param>
            <param index="8">
              <value>
                <![CDATA[202 st]]>
              </value>
            </param>
            <param index="9">
              <value>
                <![CDATA[Chennai]]>
              </value>
            </param>
            <param index="10">
              <value>
                <![CDATA[Tamil Nadu]]>
              </value>
            </param>
            <param index="11">
              <value>
                <![CDATA[60001]]>
              </value>
            </param>
          </params>
          <reporter-output>
          </reporter-output>
        </test-method> <!-- createAccount -->
        <test-method signature="createAccount(java.lang.String,java.lang.String,java.lang.String,java.lang.String,java.lang.String,java.lang.String,java.lang.String,java.lang.String,java.lang.String,java.lang.String,java.lang.String,java.lang.String)[pri:0, instance:testcase.CreateAccountTest@77847718]" started-at="2024-06-18T18:38:27 IST" name="createAccount" data-provider="accountData" finished-at="2024-06-18T18:38:43 IST" duration-ms="15728" status="PASS">
          <params>
            <param index="0">
              <value>
                <![CDATA[Existingmail]]>
              </value>
            </param>
            <param index="1">
              <value>
                <![CDATA[sravya@example.com]]>
              </value>
            </param>
            <param index="2">
              <value>
                <![CDATA[Password123]]>
              </value>
            </param>
            <param index="3">
              <value>
                <![CDATA[Password123]]>
              </value>
            </param>
            <param index="4">
              <value>
                <![CDATA[Test]]>
              </value>
            </param>
            <param index="5">
              <value>
                <![CDATA[User2]]>
              </value>
            </param>
            <param index="6">
              <value>
                <![CDATA[0987654321]]>
              </value>
            </param>
            <param index="7">
              <value>
                <![CDATA[India]]>
              </value>
            </param>
            <param index="8">
              <value>
                <![CDATA[456 SIDE St]]>
              </value>
            </param>
            <param index="9">
              <value>
                <![CDATA[Hyderabad]]>
              </value>
            </param>
            <param index="10">
              <value>
                <![CDATA[Telangana]]>
              </value>
            </param>
            <param index="11">
              <value>
                <![CDATA[50001]]>
              </value>
            </param>
          </params>
          <reporter-output>
          </reporter-output>
        </test-method> <!-- createAccount -->
        <test-method is-config="true" signature="teardown()[pri:0, instance:testcase.CreateAccountTest@77847718]" started-at="2024-06-18T18:38:43 IST" name="teardown" finished-at="2024-06-18T18:38:46 IST" duration-ms="3617" status="PASS">
          <reporter-output>
          </reporter-output>
        </test-method> <!-- teardown -->
      </class> <!-- testcase.CreateAccountTest -->
    </test> <!-- Default test -->
  </suite> <!-- Default suite -->
</testng-results>
