<?xml version="1.0" encoding="UTF-8"?>
<!-- Generated by org.testng.reporters.JUnitXMLReporter -->
<testsuite ignored="0" hostname="NAVINDRA-M" failures="0" tests="5" name="Default test" time="104.397" errors="0" timestamp="2024-06-18T18:38:46 IST">
  <testcase classname="testcase.CreateAccountTest" name="createAccount" time="15.434"/>
  <testcase classname="testcase.CreateAccountTest" name="createAccount" time="12.091"/>
  <testcase classname="testcase.CreateAccountTest" name="createAccount" time="13.057"/>
  <testcase classname="testcase.CreateAccountTest" name="createAccount" time="11.673"/>
  <testcase classname="testcase.CreateAccountTest" name="createAccount" time="15.728"/>
</testsuite> <!-- Default test -->
